=== NIXOS RECONFIGURATION LOG ===
Command: nixos-rebuild switch

copying path '/nix/store/m6hfmlrj4hw45j8j88zvvl0j7qchbck9-docker-runc-27.5.1' from 'https://cache.nixos.org'...
copying path '/nix/store/fwdymc6gxjiwxz54jac0nk97jn8hmavj-git-minimal-2.49.0' from 'https://cache.nixos.org'...
copying path '/nix/store/khrrs8x9n846z6ml7mm0xygnpvn67kjx-gvproxy-0.8.6' from 'https://cache.nixos.org'...
copying path '/nix/store/q9skibmc30j2h2wm34ianx4r0y0j2zbc-netavark-1.14.1' from 'https://cache.nixos.org'...
copying path '/nix/store/22qd4whmw3zrgqzjngxwgvxgjw8y9rrm-protobuf-c-1.5.2-lib' from 'https://cache.nixos.org'...
copying path '/nix/store/108m21xq9gp0j1m2paxa8zfbvhvvb2s5-rootlesskit-2.3.5' from 'https://cache.nixos.org'...
copying path '/nix/store/91fr6mg84qv8pxylnrxa6lgp9l98j45i-runc-1.1.15' from 'https://cache.nixos.org'...
copying path '/nix/store/mq3fyynvvg5s86icqdi6j57074svhgzl-gcc-14.2.1.20250322-info' from 'https://cache.nixos.org'...
copying path '/nix/store/y0cm45kcs4rnf0y5ys9066l1rn7p3b0i-gcc-14.2.1.20250322-man' from 'https://cache.nixos.org'...
copying path '/nix/store/7bzcswp68xfk2x17fmqbdrybbwcjy0kq-gcc-wrapper-14.2.1.20250322-info' from 'https://cache.nixos.org'...
copying path '/nix/store/kbykzp8wk3anb8ym760yf5m28nqz2k9n-gcc-wrapper-14.2.1.20250322-man' from 'https://cache.nixos.org'...
building '/nix/store/akrrszb8xw2f4a4xww4c5jhxr4iknsb9-unit-script-dnsmasq-pre-start.drv'...
building '/nix/store/ispj5kyn3c3fk0dw6ww03ykhvkrab271-unit-script-network-setup-start.drv'...
copying path '/nix/store/yar5x10i01rhc2l360hkrr9krbfqcwh6-openvswitch-3.5.0' from 'https://cache.nixos.org'...
copying path '/nix/store/z69gsynxc4sq9yw5ybr4694lhylqnl60-yajl-2.1.0-unstable-2024-02-01' from 'https://cache.nix.org'...
copying path '/nix/store/gpcrngdw82v47z942h7xiy9d2a2gcxsh-criu-4.1' from 'https://cache.nixos.org'...
copying path '/nix/store/5cgz47djisig1mkcbm6m4lzlchkvrx9n-xfsprogs-6.13.0' from 'https://cache.nixos.org'...
copying path '/nix/store/k6bdml4xs4vpzdmzrasyc216bspwgbry-slirp4netns-1.3.2' from 'https://cache.nixos.org'...
building '/nix/store/617wn1bf5r55gwnm0kqqbbmc6s1lmzaf-unit-script-dnsmasq-pre-start.drv'...
building '/nix/store/gdqwplkpw2rvijgz8ylv85gz3h1h23f2-unit-script-resolvconf-start.drv'...
building '/nix/store/iza27yf1fwgsbs0p9z6scq7xmbs0j7cj-unit-dnsmasq.service.drv'...
copying path '/nix/store/fn4h9j0pdyal9i91pd4yfjqy5jsrl8kf-docker-plugins' from 'https://cache.nixos.org'...
copying path '/nix/store/77py7a7x75la15sq33b341yi84y4402d-podman-helper-binary-wrapper' from 'https://cache.nixos.org'...
copying path '/nix/store/hr8afdz0937h6k654dngr0glgdq3ic08-podman-5.4.1' from 'https://cache.nixos.org'...
copying path '/nix/store/fwvljmyvnkp04s3icjkrfzy2ljvs4l00-docker-27.5.1' from 'https://cache.nixos.org'...
building '/nix/store/cv5cvcnqmvyii3w5nf8q466bm5sk8cy4-system-path.drv'...
created 14256 symlinks in user environment
building '/nix/store/g92kf5kvjkylvlajaclbwrwap2l8a188-X-Restart-Triggers-polkit.drv'...
building '/nix/store/dhh32d6j0dp63vvjxv4sp3jnrhw7c0dq-dbus-1.drv'...
building '/nix/store/v63f8im5dgwcayml509fggwmc5hfxpz4-unit-polkit.service.drv'...
building '/nix/store/w7a92cnh60fzdm3y5xidxic7xlmmmsx6-X-Restart-Triggers-dbus.drv'...
building '/nix/store/g0fikf3bpap3gfayivj2dcvpan0x7551-unit-dbus.service.drv'...
building '/nix/store/lq73g2fvrijp2rhxiamy00m6ksqc93iv-unit-dbus.service.drv'...
building '/nix/store/zwlr4xrd10sqlcbfx3vsmak5l3kpp3ij-system-units.drv'...
building '/nix/store/16g406dr8xrm99k8q3lp64d06vccbxz7-user-units.drv'...
building '/nix/store/nn1765b2yjzpgisw0syidl2s0j4bsbcm-etc.drv'...
building '/nix/store/5cc98wb4i6b057pm0lw798cvan5mikg3-nixos-system-nixos-opdbus-25.05beta708350.gfedcba.drv'...
stopping the following units: network-setup.service, resolvconf.service
activating the configuration...
setting up /etc...
reloading user units for root...
restarting sysinit-reactivation.target
reloading the following units: dbus.service
starting the following units: network-setup.service, resolvconf.service
the following new units were started: dnsmasq.service, NetworkManager-dispatcher.service, sysinit-reactivation.target, systemd-tmpfiles-resetup.service
Done. The new configuration is /nix/store/ak1fz9zgbsh4zbxqd7p52ic4lb8bykff-nixos-system-nixos-opdbus-25.05beta708350.gfedcba

=== SUCCESS ===
- OpenVSwitch installed and configured
- Docker/Podman container runtimes installed
- LXC container tools installed
- Proxmox backup client installed
- dnsmasq DHCP/DNS server running
- All services started successfully

Packages Added:
- openvswitch: Network virtualization
- lxc/lxcfs/lxc-templates: Linux containers
- docker/podman: Container runtimes
- proxmox-backup-client: Backup tools
- dnsmasq: DHCP/DNS server
- bridge-utils, iptables, nettools: Networking tools

System State: Ready for op-dbus PackageKit plugin testing