   Compiling piper v0.2.4
   Compiling async-trait v0.1.89
   Compiling thiserror-impl v2.0.17
   Compiling universal-hash v0.5.1
   Compiling num-traits v0.2.19
   Compiling data-encoding v2.9.0
   Compiling static_assertions v1.1.0
   Compiling rustix v0.38.44
   Compiling sync_wrapper v1.0.2
   Compiling ryu v1.0.20
   Compiling utf-8 v0.7.6
   Compiling colorchoice v1.0.4
   Compiling opaque-debug v0.3.1
   Compiling is_terminal_polyfill v1.70.1
   Compiling anstyle v1.0.13
   Compiling anstream v0.6.21
   Compiling polling v3.11.0
   Compiling polyval v0.6.2
   Compiling tungstenite v0.24.0
   Compiling zvariant v4.2.0
   Compiling blocking v1.6.2
   Compiling hyper v1.7.0
   Compiling async-io v2.6.0
   Compiling ghash v0.5.1
   Compiling ctr v0.9.2
   Compiling aes v0.8.4
   Compiling async-executor v1.13.3
   Compiling regex v1.12.2
   Compiling matchers v0.2.0
   Compiling zbus_macros v4.4.0
   Compiling async-broadcast v0.7.2
   Compiling tokio-util v0.7.16
   Compiling blake2 v0.10.6
   Compiling serde_path_to_error v0.1.20
   Compiling serde_repr v0.1.20
   Compiling tracing-log v0.2.0
   Compiling aead v0.5.2
   Compiling is-terminal v0.4.17
   Compiling xdg-home v1.3.0
   Compiling ordered-stream v0.2.0
   Compiling thread_local v1.1.9
   Compiling termcolor v1.4.1
   Compiling humantime v2.3.0
   Compiling fallible-iterator v0.3.0
   Compiling http-range-header v0.4.2
   Compiling iana-time-zone v0.1.64
   Compiling nu-ansi-term v0.50.3
   Compiling base64 v0.22.1
   Compiling fallible-streaming-iterator v0.1.9
   Compiling matchit v0.7.3
   Compiling hex v0.4.3
   Compiling axum v0.7.9
   Compiling tracing-subscriber v0.3.20
   Compiling zbus v4.4.0
   Compiling chrono v0.4.42
   Compiling tower-http v0.5.2
   Compiling env_logger v0.10.2
   Compiling tower v0.4.13
   Compiling aes-gcm v0.10.3
   Compiling argon2 v0.5.3
   Compiling rtnetlink v0.13.1
   Compiling clap v4.5.49
   Compiling gethostname v0.5.0
   Compiling netlink-packet-route v0.19.0
   Compiling tower v0.5.2
   Compiling bincode v1.3.3
   Compiling sha2 v0.10.9
   Compiling num_cpus v1.17.0
   Compiling rusqlite v0.32.1
   Compiling op-dbus v0.1.0 (/root/operation-dbus)
    Finished `release` profile [optimized] target(s) in 1m 32s